<?xml version="1.0" encoding="UTF-8"?>
<coverage generated="1758651382787" clover="3.2.0">
  <project timestamp="1758651382787" name="All files">
    <metrics statements="23" coveredstatements="13" conditionals="14" coveredconditionals="6" methods="10" coveredmethods="3" elements="47" coveredelements="22" complexity="0" loc="23" ncloc="23" packages="1" files="2" classes="2"/>
    <file name="Body.jsx" path="D:\React\React\Food-App\components\Body.jsx">
      <metrics statements="20" coveredstatements="10" conditionals="6" coveredconditionals="3" methods="9" coveredmethods="2"/>
      <line num="9" count="1" type="stmt"/>
      <line num="10" count="4" type="stmt"/>
      <line num="11" count="4" type="stmt"/>
      <line num="12" count="4" type="stmt"/>
      <line num="15" count="4" type="stmt"/>
      <line num="16" count="2" type="stmt"/>
      <line num="18" count="4" type="stmt"/>
      <line num="19" count="4" type="cond" truecount="1" falsecount="1"/>
      <line num="20" count="0" type="stmt"/>
      <line num="26" count="4" type="stmt"/>
      <line num="27" count="4" type="stmt"/>
      <line num="40" count="0" type="stmt"/>
      <line num="46" count="0" type="stmt"/>
      <line num="47" count="0" type="stmt"/>
      <line num="49" count="0" type="stmt"/>
      <line num="60" count="0" type="stmt"/>
      <line num="61" count="0" type="stmt"/>
      <line num="63" count="0" type="stmt"/>
      <line num="73" count="0" type="stmt"/>
      <line num="84" count="0" type="stmt"/>
    </file>
    <file name="RestaurantCards.jsx" path="D:\React\React\Food-App\components\RestaurantCards.jsx">
      <metrics statements="3" coveredstatements="3" conditionals="8" coveredconditionals="3" methods="1" coveredmethods="1"/>
      <line num="4" count="2" type="stmt"/>
      <line num="5" count="1" type="stmt"/>
      <line num="7" count="1" type="stmt"/>
    </file>
  </project>
</coverage>
