{"D:\\React\\React\\Food-App\\components\\Body.jsx": {"path":"D:\\React\\React\\Food-App\\components\\Body.jsx","statementMap":{"0":{"start":{"line":9,"column":13},"end":{"line":95,"column":1}},"1":{"start":{"line":10,"column":28},"end":{"line":10,"column":44}},"2":{"start":{"line":11,"column":42},"end":{"line":11,"column":54}},"3":{"start":{"line":12,"column":38},"end":{"line":12,"column":50}},"4":{"start":{"line":15,"column":2},"end":{"line":17,"column":26}},"5":{"start":{"line":16,"column":4},"end":{"line":16,"column":39}},"6":{"start":{"line":18,"column":23},"end":{"line":18,"column":40}},"7":{"start":{"line":19,"column":2},"end":{"line":24,"column":6}},"8":{"start":{"line":20,"column":4},"end":{"line":24,"column":6}},"9":{"start":{"line":26,"column":40},"end":{"line":26,"column":63}},"10":{"start":{"line":27,"column":2},"end":{"line":94,"column":4}},"11":{"start":{"line":40,"column":14},"end":{"line":40,"column":44}},"12":{"start":{"line":46,"column":39},"end":{"line":48,"column":15}},"13":{"start":{"line":47,"column":16},"end":{"line":47,"column":78}},"14":{"start":{"line":49,"column":14},"end":{"line":49,"column":48}},"15":{"start":{"line":60,"column":29},"end":{"line":62,"column":13}},"16":{"start":{"line":61,"column":23},"end":{"line":61,"column":47}},"17":{"start":{"line":63,"column":12},"end":{"line":63,"column":38}},"18":{"start":{"line":73,"column":29},"end":{"line":73,"column":56}},"19":{"start":{"line":84,"column":12},"end":{"line":89,"column":19}}},"fnMap":{"0":{"name":"(anonymous_0)","decl":{"start":{"line":9,"column":13},"end":{"line":9,"column":14}},"loc":{"start":{"line":9,"column":19},"end":{"line":95,"column":1}},"line":9},"1":{"name":"(anonymous_1)","decl":{"start":{"line":15,"column":12},"end":{"line":15,"column":13}},"loc":{"start":{"line":15,"column":18},"end":{"line":17,"column":3}},"line":15},"2":{"name":"(anonymous_2)","decl":{"start":{"line":39,"column":22},"end":{"line":39,"column":23}},"loc":{"start":{"line":39,"column":29},"end":{"line":41,"column":13}},"line":39},"3":{"name":"(anonymous_3)","decl":{"start":{"line":45,"column":21},"end":{"line":45,"column":22}},"loc":{"start":{"line":45,"column":27},"end":{"line":50,"column":13}},"line":45},"4":{"name":"(anonymous_4)","decl":{"start":{"line":46,"column":64},"end":{"line":46,"column":65}},"loc":{"start":{"line":47,"column":16},"end":{"line":47,"column":78}},"line":47},"5":{"name":"(anonymous_5)","decl":{"start":{"line":59,"column":19},"end":{"line":59,"column":20}},"loc":{"start":{"line":59,"column":25},"end":{"line":64,"column":11}},"line":59},"6":{"name":"(anonymous_6)","decl":{"start":{"line":61,"column":14},"end":{"line":61,"column":15}},"loc":{"start":{"line":61,"column":23},"end":{"line":61,"column":47}},"line":61},"7":{"name":"(anonymous_7)","decl":{"start":{"line":73,"column":22},"end":{"line":73,"column":23}},"loc":{"start":{"line":73,"column":29},"end":{"line":73,"column":56}},"line":73},"8":{"name":"(anonymous_8)","decl":{"start":{"line":83,"column":27},"end":{"line":83,"column":28}},"loc":{"start":{"line":84,"column":12},"end":{"line":89,"column":19}},"line":84}},"branchMap":{"0":{"loc":{"start":{"line":19,"column":2},"end":{"line":24,"column":6}},"type":"if","locations":[{"start":{"line":19,"column":2},"end":{"line":24,"column":6}},{"start":{},"end":{}}],"line":19},"1":{"loc":{"start":{"line":72,"column":19},"end":{"line":72,"column":37}},"type":"binary-expr","locations":[{"start":{"line":72,"column":19},"end":{"line":72,"column":31}},{"start":{"line":72,"column":35},"end":{"line":72,"column":37}}],"line":72},"2":{"loc":{"start":{"line":80,"column":9},"end":{"line":91,"column":9}},"type":"cond-expr","locations":[{"start":{"line":81,"column":10},"end":{"line":81,"column":21}},{"start":{"line":83,"column":10},"end":{"line":90,"column":12}}],"line":80}},"s":{"0":1,"1":5,"2":5,"3":5,"4":5,"5":2,"6":5,"7":5,"8":0,"9":5,"10":5,"11":1,"12":0,"13":0,"14":0,"15":0,"16":0,"17":0,"18":0,"19":0},"f":{"0":5,"1":2,"2":1,"3":0,"4":0,"5":0,"6":0,"7":0,"8":0},"b":{"0":[0,5],"1":[5,0],"2":[5,0]},"_coverageSchema":"1a1c01bbd47fc00a2c39e90264f33305004495a9","hash":"01e628ce69b9183e7ea4b49fe5c32b379fcac2a5"}
,"D:\\React\\React\\Food-App\\components\\Header.jsx": {"path":"D:\\React\\React\\Food-App\\components\\Header.jsx","statementMap":{"0":{"start":{"line":7,"column":15},"end":{"line":71,"column":1}},"1":{"start":{"line":8,"column":42},"end":{"line":8,"column":59}},"2":{"start":{"line":9,"column":23},"end":{"line":9,"column":40}},"3":{"start":{"line":10,"column":27},"end":{"line":10,"column":50}},"4":{"start":{"line":12,"column":20},"end":{"line":12,"column":60}},"5":{"start":{"line":12,"column":43},"end":{"line":12,"column":59}},"6":{"start":{"line":14,"column":2},"end":{"line":70,"column":4}},"7":{"start":{"line":61,"column":14},"end":{"line":61,"column":80}},"8":{"start":{"line":61,"column":41},"end":{"line":61,"column":78}}},"fnMap":{"0":{"name":"(anonymous_0)","decl":{"start":{"line":7,"column":15},"end":{"line":7,"column":16}},"loc":{"start":{"line":7,"column":21},"end":{"line":71,"column":1}},"line":7},"1":{"name":"(anonymous_1)","decl":{"start":{"line":12,"column":32},"end":{"line":12,"column":33}},"loc":{"start":{"line":12,"column":43},"end":{"line":12,"column":59}},"line":12},"2":{"name":"(anonymous_2)","decl":{"start":{"line":60,"column":21},"end":{"line":60,"column":22}},"loc":{"start":{"line":61,"column":14},"end":{"line":61,"column":80}},"line":61},"3":{"name":"(anonymous_3)","decl":{"start":{"line":61,"column":30},"end":{"line":61,"column":31}},"loc":{"start":{"line":61,"column":41},"end":{"line":61,"column":78}},"line":61}},"branchMap":{"0":{"loc":{"start":{"line":21,"column":30},"end":{"line":21,"column":55}},"type":"cond-expr","locations":[{"start":{"line":21,"column":45},"end":{"line":21,"column":48}},{"start":{"line":21,"column":51},"end":{"line":21,"column":55}}],"line":21},"1":{"loc":{"start":{"line":61,"column":41},"end":{"line":61,"column":78}},"type":"cond-expr","locations":[{"start":{"line":61,"column":60},"end":{"line":61,"column":68}},{"start":{"line":61,"column":71},"end":{"line":61,"column":78}}],"line":61}},"s":{"0":1,"1":4,"2":4,"3":4,"4":4,"5":7,"6":4,"7":1,"8":1},"f":{"0":4,"1":7,"2":1,"3":1},"b":{"0":[4,0],"1":[1,0]},"_coverageSchema":"1a1c01bbd47fc00a2c39e90264f33305004495a9","hash":"c03ca8c9f1d37444c48ef09c334ad0639a69f900"}
,"D:\\React\\React\\Food-App\\components\\RestaurantCards.jsx": {"path":"D:\\React\\React\\Food-App\\components\\RestaurantCards.jsx","statementMap":{"0":{"start":{"line":4,"column":24},"end":{"line":41,"column":1}},"1":{"start":{"line":5,"column":27},"end":{"line":5,"column":50}},"2":{"start":{"line":7,"column":2},"end":{"line":40,"column":4}}},"fnMap":{"0":{"name":"(anonymous_0)","decl":{"start":{"line":4,"column":24},"end":{"line":4,"column":25}},"loc":{"start":{"line":4,"column":41},"end":{"line":41,"column":1}},"line":4}},"branchMap":{"0":{"loc":{"start":{"line":12,"column":10},"end":{"line":15,"column":65}},"type":"cond-expr","locations":[{"start":{"line":13,"column":14},"end":{"line":14,"column":44}},{"start":{"line":15,"column":14},"end":{"line":15,"column":65}}],"line":12},"1":{"loc":{"start":{"line":28,"column":10},"end":{"line":32,"column":28}},"type":"cond-expr","locations":[{"start":{"line":29,"column":14},"end":{"line":29,"column":30}},{"start":{"line":30,"column":14},"end":{"line":32,"column":28}}],"line":28},"2":{"loc":{"start":{"line":30,"column":14},"end":{"line":32,"column":28}},"type":"cond-expr","locations":[{"start":{"line":31,"column":14},"end":{"line":31,"column":31}},{"start":{"line":32,"column":14},"end":{"line":32,"column":28}}],"line":30},"3":{"loc":{"start":{"line":35,"column":11},"end":{"line":35,"column":44}},"type":"binary-expr","locations":[{"start":{"line":35,"column":11},"end":{"line":35,"column":35}},{"start":{"line":35,"column":39},"end":{"line":35,"column":44}}],"line":35}},"s":{"0":2,"1":1,"2":1},"f":{"0":1},"b":{"0":[1,0],"1":[1,0],"2":[0,0],"3":[1,0]},"_coverageSchema":"1a1c01bbd47fc00a2c39e90264f33305004495a9","hash":"a32d59728fa4e1bd3ee321900eccd2a8a244689e"}
,"D:\\React\\React\\Food-App\\utils\\appStore.jsx": {"path":"D:\\React\\React\\Food-App\\utils\\appStore.jsx","statementMap":{"0":{"start":{"line":4,"column":17},"end":{"line":8,"column":2}}},"fnMap":{},"branchMap":{},"s":{"0":1},"f":{},"b":{},"_coverageSchema":"1a1c01bbd47fc00a2c39e90264f33305004495a9","hash":"e0ce36f52558d1fcd85f62ff9f10bbb23e6d2a5c"}
}
