TN:
SF:components\Body.jsx
FN:9,(anonymous_0)
FN:15,(anonymous_1)
FN:39,(anonymous_2)
FN:45,(anonymous_3)
FN:46,(anonymous_4)
FN:59,(anonymous_5)
FN:61,(anonymous_6)
FN:73,(anonymous_7)
FN:83,(anonymous_8)
FNF:9
FNH:3
FNDA:5,(anonymous_0)
FNDA:2,(anonymous_1)
FNDA:1,(anonymous_2)
FNDA:0,(anonymous_3)
FNDA:0,(anonymous_4)
FNDA:0,(anonymous_5)
FNDA:0,(anonymous_6)
FNDA:0,(anonymous_7)
FNDA:0,(anonymous_8)
DA:9,1
DA:10,5
DA:11,5
DA:12,5
DA:15,5
DA:16,2
DA:18,5
DA:19,5
DA:20,0
DA:26,5
DA:27,5
DA:40,1
DA:46,0
DA:47,0
DA:49,0
DA:60,0
DA:61,0
DA:63,0
DA:73,0
DA:84,0
LF:20
LH:11
BRDA:19,0,0,0
BRDA:19,0,1,5
BRDA:72,1,0,5
BRDA:72,1,1,0
BRDA:80,2,0,5
BRDA:80,2,1,0
BRF:6
BRH:3
end_of_record
TN:
SF:components\Header.jsx
FN:7,(anonymous_0)
FN:12,(anonymous_1)
FN:60,(anonymous_2)
FN:61,(anonymous_3)
FNF:4
FNH:4
FNDA:4,(anonymous_0)
FNDA:7,(anonymous_1)
FNDA:1,(anonymous_2)
FNDA:1,(anonymous_3)
DA:7,1
DA:8,4
DA:9,4
DA:10,4
DA:12,7
DA:14,4
DA:61,1
LF:7
LH:7
BRDA:21,0,0,4
BRDA:21,0,1,0
BRDA:61,1,0,1
BRDA:61,1,1,0
BRF:4
BRH:2
end_of_record
TN:
SF:components\RestaurantCards.jsx
FN:4,(anonymous_0)
FNF:1
FNH:1
FNDA:1,(anonymous_0)
DA:4,2
DA:5,1
DA:7,1
LF:3
LH:3
BRDA:12,0,0,1
BRDA:12,0,1,0
BRDA:28,1,0,1
BRDA:28,1,1,0
BRDA:30,2,0,0
BRDA:30,2,1,0
BRDA:35,3,0,1
BRDA:35,3,1,0
BRF:8
BRH:3
end_of_record
TN:
SF:utils\appStore.jsx
FNF:0
FNH:0
DA:4,1
LF:1
LH:1
BRF:0
BRH:0
end_of_record
